2014/11/04 17:18:27 [error] [php] include(BsHtml.php): failed to open stream: No such file or directory (C:\xampp\htdocs\yii\framework\YiiBase.php:427)
Stack trace:
#0 C:\xampp\htdocs\yii\NuevoRestaurant\protected\views\layouts\main.php(45): spl_autoload_call()
#1 C:\xampp\htdocs\yii\framework\web\CBaseController.php(126): require()
#2 C:\xampp\htdocs\yii\framework\web\CBaseController.php(95): SiteController->renderInternal()
#3 C:\xampp\htdocs\yii\framework\web\widgets\CContentDecorator.php(76): SiteController->renderFile()
#4 C:\xampp\htdocs\yii\framework\web\widgets\CContentDecorator.php(54): CContentDecorator->decorate()
#5 C:\xampp\htdocs\yii\framework\web\widgets\COutputProcessor.php(44): CContentDecorator->processOutput()
#6 C:\xampp\htdocs\yii\framework\web\CBaseController.php(206): CContentDecorator->run()
#7 C:\xampp\htdocs\yii\framework\web\CBaseController.php(300): SiteController->endWidget()
#8 C:\xampp\htdocs\yii\NuevoRestaurant\protected\views\layouts\column1.php(7): SiteController->endContent()
#9 C:\xampp\htdocs\yii\framework\web\CBaseController.php(126): require()
#10 C:\xampp\htdocs\yii\framework\web\CBaseController.php(95): SiteController->renderInternal()
#11 C:\xampp\htdocs\yii\framework\web\CController.php(784): SiteController->renderFile()
#12 C:\xampp\htdocs\yii\NuevoRestaurant\protected\controllers\SiteController.php(32): SiteController->render()
#13 C:\xampp\htdocs\yii\framework\web\actions\CInlineAction.php(49): SiteController->actionIndex()
#14 C:\xampp\htdocs\yii\framework\web\CController.php(308): CInlineAction->runWithParams()
#15 C:\xampp\htdocs\yii\framework\web\CController.php(286): SiteController->runAction()
#16 C:\xampp\htdocs\yii\framework\web\CController.php(265): SiteController->runActionWithFilters()
#17 C:\xampp\htdocs\yii\framework\web\CWebApplication.php(282): SiteController->run()
#18 C:\xampp\htdocs\yii\framework\web\CWebApplication.php(141): CWebApplication->runController()
#19 C:\xampp\htdocs\yii\framework\base\CApplication.php(180): CWebApplication->processRequest()
#20 C:\xampp\htdocs\yii\NuevoRestaurant\index.php(13): CWebApplication->run()
REQUEST_URI=/yii/NuevoRestaurant/
in C:\xampp\htdocs\yii\NuevoRestaurant\protected\views\layouts\main.php (45)
in C:\xampp\htdocs\yii\NuevoRestaurant\protected\views\layouts\column1.php (7)
in C:\xampp\htdocs\yii\NuevoRestaurant\protected\controllers\SiteController.php (32)
2014/11/04 17:22:25 [error] [php] include(BsHtml.php): failed to open stream: No such file or directory (C:\xampp\htdocs\yii\framework\YiiBase.php:427)
Stack trace:
#0 C:\xampp\htdocs\yii\NuevoRestaurant\protected\views\layouts\main.php(45): spl_autoload_call()
#1 C:\xampp\htdocs\yii\framework\web\CBaseController.php(126): require()
#2 C:\xampp\htdocs\yii\framework\web\CBaseController.php(95): SiteController->renderInternal()
#3 C:\xampp\htdocs\yii\framework\web\widgets\CContentDecorator.php(76): SiteController->renderFile()
#4 C:\xampp\htdocs\yii\framework\web\widgets\CContentDecorator.php(54): CContentDecorator->decorate()
#5 C:\xampp\htdocs\yii\framework\web\widgets\COutputProcessor.php(44): CContentDecorator->processOutput()
#6 C:\xampp\htdocs\yii\framework\web\CBaseController.php(206): CContentDecorator->run()
#7 C:\xampp\htdocs\yii\framework\web\CBaseController.php(300): SiteController->endWidget()
#8 C:\xampp\htdocs\yii\NuevoRestaurant\protected\views\layouts\column1.php(7): SiteController->endContent()
#9 C:\xampp\htdocs\yii\framework\web\CBaseController.php(126): require()
#10 C:\xampp\htdocs\yii\framework\web\CBaseController.php(95): SiteController->renderInternal()
#11 C:\xampp\htdocs\yii\framework\web\CController.php(784): SiteController->renderFile()
#12 C:\xampp\htdocs\yii\NuevoRestaurant\protected\controllers\SiteController.php(32): SiteController->render()
#13 C:\xampp\htdocs\yii\framework\web\actions\CInlineAction.php(49): SiteController->actionIndex()
#14 C:\xampp\htdocs\yii\framework\web\CController.php(308): CInlineAction->runWithParams()
#15 C:\xampp\htdocs\yii\framework\web\CController.php(286): SiteController->runAction()
#16 C:\xampp\htdocs\yii\framework\web\CController.php(265): SiteController->runActionWithFilters()
#17 C:\xampp\htdocs\yii\framework\web\CWebApplication.php(282): SiteController->run()
#18 C:\xampp\htdocs\yii\framework\web\CWebApplication.php(141): CWebApplication->runController()
#19 C:\xampp\htdocs\yii\framework\base\CApplication.php(180): CWebApplication->processRequest()
#20 C:\xampp\htdocs\yii\NuevoRestaurant\index.php(13): CWebApplication->run()
REQUEST_URI=/yii/NuevoRestaurant/
in C:\xampp\htdocs\yii\NuevoRestaurant\protected\views\layouts\main.php (45)
in C:\xampp\htdocs\yii\NuevoRestaurant\protected\views\layouts\column1.php (7)
in C:\xampp\htdocs\yii\NuevoRestaurant\protected\controllers\SiteController.php (32)
2014/11/04 17:22:27 [error] [php] include(BsHtml.php): failed to open stream: No such file or directory (C:\xampp\htdocs\yii\framework\YiiBase.php:427)
Stack trace:
#0 C:\xampp\htdocs\yii\NuevoRestaurant\protected\views\layouts\main.php(45): spl_autoload_call()
#1 C:\xampp\htdocs\yii\framework\web\CBaseController.php(126): require()
#2 C:\xampp\htdocs\yii\framework\web\CBaseController.php(95): SiteController->renderInternal()
#3 C:\xampp\htdocs\yii\framework\web\widgets\CContentDecorator.php(76): SiteController->renderFile()
#4 C:\xampp\htdocs\yii\framework\web\widgets\CContentDecorator.php(54): CContentDecorator->decorate()
#5 C:\xampp\htdocs\yii\framework\web\widgets\COutputProcessor.php(44): CContentDecorator->processOutput()
#6 C:\xampp\htdocs\yii\framework\web\CBaseController.php(206): CContentDecorator->run()
#7 C:\xampp\htdocs\yii\framework\web\CBaseController.php(300): SiteController->endWidget()
#8 C:\xampp\htdocs\yii\NuevoRestaurant\protected\views\layouts\column1.php(7): SiteController->endContent()
#9 C:\xampp\htdocs\yii\framework\web\CBaseController.php(126): require()
#10 C:\xampp\htdocs\yii\framework\web\CBaseController.php(95): SiteController->renderInternal()
#11 C:\xampp\htdocs\yii\framework\web\CController.php(784): SiteController->renderFile()
#12 C:\xampp\htdocs\yii\NuevoRestaurant\protected\controllers\SiteController.php(32): SiteController->render()
#13 C:\xampp\htdocs\yii\framework\web\actions\CInlineAction.php(49): SiteController->actionIndex()
#14 C:\xampp\htdocs\yii\framework\web\CController.php(308): CInlineAction->runWithParams()
#15 C:\xampp\htdocs\yii\framework\web\CController.php(286): SiteController->runAction()
#16 C:\xampp\htdocs\yii\framework\web\CController.php(265): SiteController->runActionWithFilters()
#17 C:\xampp\htdocs\yii\framework\web\CWebApplication.php(282): SiteController->run()
#18 C:\xampp\htdocs\yii\framework\web\CWebApplication.php(141): CWebApplication->runController()
#19 C:\xampp\htdocs\yii\framework\base\CApplication.php(180): CWebApplication->processRequest()
#20 C:\xampp\htdocs\yii\NuevoRestaurant\index.php(13): CWebApplication->run()
REQUEST_URI=/yii/NuevoRestaurant/
in C:\xampp\htdocs\yii\NuevoRestaurant\protected\views\layouts\main.php (45)
in C:\xampp\htdocs\yii\NuevoRestaurant\protected\views\layouts\column1.php (7)
in C:\xampp\htdocs\yii\NuevoRestaurant\protected\controllers\SiteController.php (32)
2014/11/04 17:22:28 [error] [php] include(BsHtml.php): failed to open stream: No such file or directory (C:\xampp\htdocs\yii\framework\YiiBase.php:427)
Stack trace:
#0 C:\xampp\htdocs\yii\NuevoRestaurant\protected\views\layouts\main.php(45): spl_autoload_call()
#1 C:\xampp\htdocs\yii\framework\web\CBaseController.php(126): require()
#2 C:\xampp\htdocs\yii\framework\web\CBaseController.php(95): SiteController->renderInternal()
#3 C:\xampp\htdocs\yii\framework\web\widgets\CContentDecorator.php(76): SiteController->renderFile()
#4 C:\xampp\htdocs\yii\framework\web\widgets\CContentDecorator.php(54): CContentDecorator->decorate()
#5 C:\xampp\htdocs\yii\framework\web\widgets\COutputProcessor.php(44): CContentDecorator->processOutput()
#6 C:\xampp\htdocs\yii\framework\web\CBaseController.php(206): CContentDecorator->run()
#7 C:\xampp\htdocs\yii\framework\web\CBaseController.php(300): SiteController->endWidget()
#8 C:\xampp\htdocs\yii\NuevoRestaurant\protected\views\layouts\column1.php(7): SiteController->endContent()
#9 C:\xampp\htdocs\yii\framework\web\CBaseController.php(126): require()
#10 C:\xampp\htdocs\yii\framework\web\CBaseController.php(95): SiteController->renderInternal()
#11 C:\xampp\htdocs\yii\framework\web\CController.php(784): SiteController->renderFile()
#12 C:\xampp\htdocs\yii\NuevoRestaurant\protected\controllers\SiteController.php(32): SiteController->render()
#13 C:\xampp\htdocs\yii\framework\web\actions\CInlineAction.php(49): SiteController->actionIndex()
#14 C:\xampp\htdocs\yii\framework\web\CController.php(308): CInlineAction->runWithParams()
#15 C:\xampp\htdocs\yii\framework\web\CController.php(286): SiteController->runAction()
#16 C:\xampp\htdocs\yii\framework\web\CController.php(265): SiteController->runActionWithFilters()
#17 C:\xampp\htdocs\yii\framework\web\CWebApplication.php(282): SiteController->run()
#18 C:\xampp\htdocs\yii\framework\web\CWebApplication.php(141): CWebApplication->runController()
#19 C:\xampp\htdocs\yii\framework\base\CApplication.php(180): CWebApplication->processRequest()
#20 C:\xampp\htdocs\yii\NuevoRestaurant\index.php(13): CWebApplication->run()
REQUEST_URI=/yii/NuevoRestaurant/
in C:\xampp\htdocs\yii\NuevoRestaurant\protected\views\layouts\main.php (45)
in C:\xampp\htdocs\yii\NuevoRestaurant\protected\views\layouts\column1.php (7)
in C:\xampp\htdocs\yii\NuevoRestaurant\protected\controllers\SiteController.php (32)
2014/11/04 17:22:34 [error] [php] include(BsHtml.php): failed to open stream: No such file or directory (C:\xampp\htdocs\yii\framework\YiiBase.php:427)
Stack trace:
#0 C:\xampp\htdocs\yii\NuevoRestaurant\protected\views\layouts\main.php(45): spl_autoload_call()
#1 C:\xampp\htdocs\yii\framework\web\CBaseController.php(126): require()
#2 C:\xampp\htdocs\yii\framework\web\CBaseController.php(95): SiteController->renderInternal()
#3 C:\xampp\htdocs\yii\framework\web\widgets\CContentDecorator.php(76): SiteController->renderFile()
#4 C:\xampp\htdocs\yii\framework\web\widgets\CContentDecorator.php(54): CContentDecorator->decorate()
#5 C:\xampp\htdocs\yii\framework\web\widgets\COutputProcessor.php(44): CContentDecorator->processOutput()
#6 C:\xampp\htdocs\yii\framework\web\CBaseController.php(206): CContentDecorator->run()
#7 C:\xampp\htdocs\yii\framework\web\CBaseController.php(300): SiteController->endWidget()
#8 C:\xampp\htdocs\yii\NuevoRestaurant\protected\views\layouts\column1.php(7): SiteController->endContent()
#9 C:\xampp\htdocs\yii\framework\web\CBaseController.php(126): require()
#10 C:\xampp\htdocs\yii\framework\web\CBaseController.php(95): SiteController->renderInternal()
#11 C:\xampp\htdocs\yii\framework\web\CController.php(784): SiteController->renderFile()
#12 C:\xampp\htdocs\yii\NuevoRestaurant\protected\controllers\SiteController.php(32): SiteController->render()
#13 C:\xampp\htdocs\yii\framework\web\actions\CInlineAction.php(49): SiteController->actionIndex()
#14 C:\xampp\htdocs\yii\framework\web\CController.php(308): CInlineAction->runWithParams()
#15 C:\xampp\htdocs\yii\framework\web\CController.php(286): SiteController->runAction()
#16 C:\xampp\htdocs\yii\framework\web\CController.php(265): SiteController->runActionWithFilters()
#17 C:\xampp\htdocs\yii\framework\web\CWebApplication.php(282): SiteController->run()
#18 C:\xampp\htdocs\yii\framework\web\CWebApplication.php(141): CWebApplication->runController()
#19 C:\xampp\htdocs\yii\framework\base\CApplication.php(180): CWebApplication->processRequest()
#20 C:\xampp\htdocs\yii\NuevoRestaurant\index.php(13): CWebApplication->run()
REQUEST_URI=/yii/NuevoRestaurant/
in C:\xampp\htdocs\yii\NuevoRestaurant\protected\views\layouts\main.php (45)
in C:\xampp\htdocs\yii\NuevoRestaurant\protected\views\layouts\column1.php (7)
in C:\xampp\htdocs\yii\NuevoRestaurant\protected\controllers\SiteController.php (32)
2014/11/04 17:25:32 [error] [php] include(BsHtml.php): failed to open stream: No such file or directory (C:\xampp\htdocs\yii\framework\YiiBase.php:427)
Stack trace:
#0 C:\xampp\htdocs\yii\NuevoRestaurant\protected\views\layouts\main.php(45): spl_autoload_call()
#1 C:\xampp\htdocs\yii\framework\web\CBaseController.php(126): require()
#2 C:\xampp\htdocs\yii\framework\web\CBaseController.php(95): SiteController->renderInternal()
#3 C:\xampp\htdocs\yii\framework\web\widgets\CContentDecorator.php(76): SiteController->renderFile()
#4 C:\xampp\htdocs\yii\framework\web\widgets\CContentDecorator.php(54): CContentDecorator->decorate()
#5 C:\xampp\htdocs\yii\framework\web\widgets\COutputProcessor.php(44): CContentDecorator->processOutput()
#6 C:\xampp\htdocs\yii\framework\web\CBaseController.php(206): CContentDecorator->run()
#7 C:\xampp\htdocs\yii\framework\web\CBaseController.php(300): SiteController->endWidget()
#8 C:\xampp\htdocs\yii\NuevoRestaurant\protected\views\layouts\column1.php(7): SiteController->endContent()
#9 C:\xampp\htdocs\yii\framework\web\CBaseController.php(126): require()
#10 C:\xampp\htdocs\yii\framework\web\CBaseController.php(95): SiteController->renderInternal()
#11 C:\xampp\htdocs\yii\framework\web\CController.php(784): SiteController->renderFile()
#12 C:\xampp\htdocs\yii\NuevoRestaurant\protected\controllers\SiteController.php(32): SiteController->render()
#13 C:\xampp\htdocs\yii\framework\web\actions\CInlineAction.php(49): SiteController->actionIndex()
#14 C:\xampp\htdocs\yii\framework\web\CController.php(308): CInlineAction->runWithParams()
#15 C:\xampp\htdocs\yii\framework\web\CController.php(286): SiteController->runAction()
#16 C:\xampp\htdocs\yii\framework\web\CController.php(265): SiteController->runActionWithFilters()
#17 C:\xampp\htdocs\yii\framework\web\CWebApplication.php(282): SiteController->run()
#18 C:\xampp\htdocs\yii\framework\web\CWebApplication.php(141): CWebApplication->runController()
#19 C:\xampp\htdocs\yii\framework\base\CApplication.php(180): CWebApplication->processRequest()
#20 C:\xampp\htdocs\yii\NuevoRestaurant\index.php(13): CWebApplication->run()
REQUEST_URI=/yii/NuevoRestaurant/
in C:\xampp\htdocs\yii\NuevoRestaurant\protected\views\layouts\main.php (45)
in C:\xampp\htdocs\yii\NuevoRestaurant\protected\views\layouts\column1.php (7)
in C:\xampp\htdocs\yii\NuevoRestaurant\protected\controllers\SiteController.php (32)
2014/11/04 17:26:32 [error] [php] include(BsHtml.php): failed to open stream: No such file or directory (C:\xampp\htdocs\yii\framework\YiiBase.php:427)
Stack trace:
#0 C:\xampp\htdocs\yii\NuevoRestaurant\protected\views\layouts\main.php(45): spl_autoload_call()
#1 C:\xampp\htdocs\yii\framework\web\CBaseController.php(126): require()
#2 C:\xampp\htdocs\yii\framework\web\CBaseController.php(95): SiteController->renderInternal()
#3 C:\xampp\htdocs\yii\framework\web\widgets\CContentDecorator.php(76): SiteController->renderFile()
#4 C:\xampp\htdocs\yii\framework\web\widgets\CContentDecorator.php(54): CContentDecorator->decorate()
#5 C:\xampp\htdocs\yii\framework\web\widgets\COutputProcessor.php(44): CContentDecorator->processOutput()
#6 C:\xampp\htdocs\yii\framework\web\CBaseController.php(206): CContentDecorator->run()
#7 C:\xampp\htdocs\yii\framework\web\CBaseController.php(300): SiteController->endWidget()
#8 C:\xampp\htdocs\yii\NuevoRestaurant\protected\views\layouts\column1.php(7): SiteController->endContent()
#9 C:\xampp\htdocs\yii\framework\web\CBaseController.php(126): require()
#10 C:\xampp\htdocs\yii\framework\web\CBaseController.php(95): SiteController->renderInternal()
#11 C:\xampp\htdocs\yii\framework\web\CController.php(784): SiteController->renderFile()
#12 C:\xampp\htdocs\yii\NuevoRestaurant\protected\controllers\SiteController.php(32): SiteController->render()
#13 C:\xampp\htdocs\yii\framework\web\actions\CInlineAction.php(49): SiteController->actionIndex()
#14 C:\xampp\htdocs\yii\framework\web\CController.php(308): CInlineAction->runWithParams()
#15 C:\xampp\htdocs\yii\framework\web\CController.php(286): SiteController->runAction()
#16 C:\xampp\htdocs\yii\framework\web\CController.php(265): SiteController->runActionWithFilters()
#17 C:\xampp\htdocs\yii\framework\web\CWebApplication.php(282): SiteController->run()
#18 C:\xampp\htdocs\yii\framework\web\CWebApplication.php(141): CWebApplication->runController()
#19 C:\xampp\htdocs\yii\framework\base\CApplication.php(180): CWebApplication->processRequest()
#20 C:\xampp\htdocs\yii\NuevoRestaurant\index.php(13): CWebApplication->run()
REQUEST_URI=/yii/NuevoRestaurant/
in C:\xampp\htdocs\yii\NuevoRestaurant\protected\views\layouts\main.php (45)
in C:\xampp\htdocs\yii\NuevoRestaurant\protected\views\layouts\column1.php (7)
in C:\xampp\htdocs\yii\NuevoRestaurant\protected\controllers\SiteController.php (32)
2014/11/04 17:26:39 [error] [php] include(BsHtml.php): failed to open stream: No such file or directory (C:\xampp\htdocs\yii\framework\YiiBase.php:427)
Stack trace:
#0 C:\xampp\htdocs\yii\NuevoRestaurant\protected\views\layouts\main.php(45): spl_autoload_call()
#1 C:\xampp\htdocs\yii\framework\web\CBaseController.php(126): require()
#2 C:\xampp\htdocs\yii\framework\web\CBaseController.php(95): SiteController->renderInternal()
#3 C:\xampp\htdocs\yii\framework\web\widgets\CContentDecorator.php(76): SiteController->renderFile()
#4 C:\xampp\htdocs\yii\framework\web\widgets\CContentDecorator.php(54): CContentDecorator->decorate()
#5 C:\xampp\htdocs\yii\framework\web\widgets\COutputProcessor.php(44): CContentDecorator->processOutput()
#6 C:\xampp\htdocs\yii\framework\web\CBaseController.php(206): CContentDecorator->run()
#7 C:\xampp\htdocs\yii\framework\web\CBaseController.php(300): SiteController->endWidget()
#8 C:\xampp\htdocs\yii\NuevoRestaurant\protected\views\layouts\column1.php(7): SiteController->endContent()
#9 C:\xampp\htdocs\yii\framework\web\CBaseController.php(126): require()
#10 C:\xampp\htdocs\yii\framework\web\CBaseController.php(95): SiteController->renderInternal()
#11 C:\xampp\htdocs\yii\framework\web\CController.php(784): SiteController->renderFile()
#12 C:\xampp\htdocs\yii\NuevoRestaurant\protected\controllers\SiteController.php(32): SiteController->render()
#13 C:\xampp\htdocs\yii\framework\web\actions\CInlineAction.php(49): SiteController->actionIndex()
#14 C:\xampp\htdocs\yii\framework\web\CController.php(308): CInlineAction->runWithParams()
#15 C:\xampp\htdocs\yii\framework\web\CController.php(286): SiteController->runAction()
#16 C:\xampp\htdocs\yii\framework\web\CController.php(265): SiteController->runActionWithFilters()
#17 C:\xampp\htdocs\yii\framework\web\CWebApplication.php(282): SiteController->run()
#18 C:\xampp\htdocs\yii\framework\web\CWebApplication.php(141): CWebApplication->runController()
#19 C:\xampp\htdocs\yii\framework\base\CApplication.php(180): CWebApplication->processRequest()
#20 C:\xampp\htdocs\yii\NuevoRestaurant\index.php(13): CWebApplication->run()
REQUEST_URI=/yii/NuevoRestaurant/
in C:\xampp\htdocs\yii\NuevoRestaurant\protected\views\layouts\main.php (45)
in C:\xampp\htdocs\yii\NuevoRestaurant\protected\views\layouts\column1.php (7)
in C:\xampp\htdocs\yii\NuevoRestaurant\protected\controllers\SiteController.php (32)
2014/11/04 17:28:18 [error] [php] include(BsHtml.php): failed to open stream: No such file or directory (C:\xampp\htdocs\yii\framework\YiiBase.php:427)
Stack trace:
#0 C:\xampp\htdocs\yii\NuevoRestaurant\protected\views\layouts\main.php(45): spl_autoload_call()
#1 C:\xampp\htdocs\yii\framework\web\CBaseController.php(126): require()
#2 C:\xampp\htdocs\yii\framework\web\CBaseController.php(95): SiteController->renderInternal()
#3 C:\xampp\htdocs\yii\framework\web\widgets\CContentDecorator.php(76): SiteController->renderFile()
#4 C:\xampp\htdocs\yii\framework\web\widgets\CContentDecorator.php(54): CContentDecorator->decorate()
#5 C:\xampp\htdocs\yii\framework\web\widgets\COutputProcessor.php(44): CContentDecorator->processOutput()
#6 C:\xampp\htdocs\yii\framework\web\CBaseController.php(206): CContentDecorator->run()
#7 C:\xampp\htdocs\yii\framework\web\CBaseController.php(300): SiteController->endWidget()
#8 C:\xampp\htdocs\yii\NuevoRestaurant\protected\views\layouts\column1.php(7): SiteController->endContent()
#9 C:\xampp\htdocs\yii\framework\web\CBaseController.php(126): require()
#10 C:\xampp\htdocs\yii\framework\web\CBaseController.php(95): SiteController->renderInternal()
#11 C:\xampp\htdocs\yii\framework\web\CController.php(784): SiteController->renderFile()
#12 C:\xampp\htdocs\yii\NuevoRestaurant\protected\controllers\SiteController.php(32): SiteController->render()
#13 C:\xampp\htdocs\yii\framework\web\actions\CInlineAction.php(49): SiteController->actionIndex()
#14 C:\xampp\htdocs\yii\framework\web\CController.php(308): CInlineAction->runWithParams()
#15 C:\xampp\htdocs\yii\framework\web\CController.php(286): SiteController->runAction()
#16 C:\xampp\htdocs\yii\framework\web\CController.php(265): SiteController->runActionWithFilters()
#17 C:\xampp\htdocs\yii\framework\web\CWebApplication.php(282): SiteController->run()
#18 C:\xampp\htdocs\yii\framework\web\CWebApplication.php(141): CWebApplication->runController()
#19 C:\xampp\htdocs\yii\framework\base\CApplication.php(180): CWebApplication->processRequest()
#20 C:\xampp\htdocs\yii\NuevoRestaurant\index.php(13): CWebApplication->run()
REQUEST_URI=/yii/NuevoRestaurant/
in C:\xampp\htdocs\yii\NuevoRestaurant\protected\views\layouts\main.php (45)
in C:\xampp\htdocs\yii\NuevoRestaurant\protected\views\layouts\column1.php (7)
in C:\xampp\htdocs\yii\NuevoRestaurant\protected\controllers\SiteController.php (32)
2014/11/04 17:33:00 [error] [exception.CException] exception 'CException' with message 'La propiedad "CWebUser"."ui" no se encuentra definida.' in C:\xampp\htdocs\yii\framework\base\CComponent.php:130
Stack trace:
#0 C:\xampp\htdocs\yii\framework\web\auth\CWebUser.php(146): CComponent->__get('ui')
#1 C:\xampp\htdocs\yii\NuevoRestaurant\protected\views\layouts\main.php(133): CWebUser->__get('ui')
#2 C:\xampp\htdocs\yii\framework\web\CBaseController.php(126): require('C:\\xampp\\htdocs...')
#3 C:\xampp\htdocs\yii\framework\web\CBaseController.php(95): CBaseController->renderInternal('C:\\xampp\\htdocs...', Array, true)
#4 C:\xampp\htdocs\yii\framework\web\widgets\CContentDecorator.php(76): CBaseController->renderFile('C:\\xampp\\htdocs...', Array, true)
#5 C:\xampp\htdocs\yii\framework\web\widgets\CContentDecorator.php(54): CContentDecorator->decorate('<div id="conten...')
#6 C:\xampp\htdocs\yii\framework\web\widgets\COutputProcessor.php(44): CContentDecorator->processOutput('<div id="conten...')
#7 C:\xampp\htdocs\yii\framework\web\CBaseController.php(206): COutputProcessor->run()
#8 C:\xampp\htdocs\yii\framework\web\CBaseController.php(300): CBaseController->endWidget('CContentDecorat...')
#9 C:\xampp\htdocs\yii\NuevoRestaurant\protected\views\layouts\column1.php(7): CBaseController->endContent()
#10 C:\xampp\htdocs\yii\framework\web\CBaseController.php(126): require('C:\\xampp\\htdocs...')
#11 C:\xampp\htdocs\yii\framework\web\CBaseController.php(95): CBaseController->renderInternal('C:\\xampp\\htdocs...', Array, true)
#12 C:\xampp\htdocs\yii\framework\web\CController.php(784): CBaseController->renderFile('C:\\xampp\\htdocs...', Array, true)
#13 C:\xampp\htdocs\yii\NuevoRestaurant\protected\controllers\SiteController.php(32): CController->render('index')
#14 C:\xampp\htdocs\yii\framework\web\actions\CInlineAction.php(49): SiteController->actionIndex()
#15 C:\xampp\htdocs\yii\framework\web\CController.php(308): CInlineAction->runWithParams(Array)
#16 C:\xampp\htdocs\yii\framework\web\CController.php(286): CController->runAction(Object(CInlineAction))
#17 C:\xampp\htdocs\yii\framework\web\CController.php(265): CController->runActionWithFilters(Object(CInlineAction), Array)
#18 C:\xampp\htdocs\yii\framework\web\CWebApplication.php(282): CController->run('')
#19 C:\xampp\htdocs\yii\framework\web\CWebApplication.php(141): CWebApplication->runController('')
#20 C:\xampp\htdocs\yii\framework\base\CApplication.php(180): CWebApplication->processRequest()
#21 C:\xampp\htdocs\yii\NuevoRestaurant\index.php(13): CApplication->run()
#22 {main}
REQUEST_URI=/yii/NuevoRestaurant/
---
2014/11/04 17:35:26 [error] [exception.CException] exception 'CException' with message 'La propiedad "CWebUser"."ui" no se encuentra definida.' in C:\xampp\htdocs\yii\framework\base\CComponent.php:130
Stack trace:
#0 C:\xampp\htdocs\yii\framework\web\auth\CWebUser.php(146): CComponent->__get('ui')
#1 C:\xampp\htdocs\yii\NuevoRestaurant\protected\views\layouts\main.php(186): CWebUser->__get('ui')
#2 C:\xampp\htdocs\yii\framework\web\CBaseController.php(126): require('C:\\xampp\\htdocs...')
#3 C:\xampp\htdocs\yii\framework\web\CBaseController.php(95): CBaseController->renderInternal('C:\\xampp\\htdocs...', Array, true)
#4 C:\xampp\htdocs\yii\framework\web\widgets\CContentDecorator.php(76): CBaseController->renderFile('C:\\xampp\\htdocs...', Array, true)
#5 C:\xampp\htdocs\yii\framework\web\widgets\CContentDecorator.php(54): CContentDecorator->decorate('<div id="conten...')
#6 C:\xampp\htdocs\yii\framework\web\widgets\COutputProcessor.php(44): CContentDecorator->processOutput('<div id="conten...')
#7 C:\xampp\htdocs\yii\framework\web\CBaseController.php(206): COutputProcessor->run()
#8 C:\xampp\htdocs\yii\framework\web\CBaseController.php(300): CBaseController->endWidget('CContentDecorat...')
#9 C:\xampp\htdocs\yii\NuevoRestaurant\protected\views\layouts\column1.php(7): CBaseController->endContent()
#10 C:\xampp\htdocs\yii\framework\web\CBaseController.php(126): require('C:\\xampp\\htdocs...')
#11 C:\xampp\htdocs\yii\framework\web\CBaseController.php(95): CBaseController->renderInternal('C:\\xampp\\htdocs...', Array, true)
#12 C:\xampp\htdocs\yii\framework\web\CController.php(784): CBaseController->renderFile('C:\\xampp\\htdocs...', Array, true)
#13 C:\xampp\htdocs\yii\NuevoRestaurant\protected\controllers\SiteController.php(32): CController->render('index')
#14 C:\xampp\htdocs\yii\framework\web\actions\CInlineAction.php(49): SiteController->actionIndex()
#15 C:\xampp\htdocs\yii\framework\web\CController.php(308): CInlineAction->runWithParams(Array)
#16 C:\xampp\htdocs\yii\framework\web\CController.php(286): CController->runAction(Object(CInlineAction))
#17 C:\xampp\htdocs\yii\framework\web\CController.php(265): CController->runActionWithFilters(Object(CInlineAction), Array)
#18 C:\xampp\htdocs\yii\framework\web\CWebApplication.php(282): CController->run('')
#19 C:\xampp\htdocs\yii\framework\web\CWebApplication.php(141): CWebApplication->runController('')
#20 C:\xampp\htdocs\yii\framework\base\CApplication.php(180): CWebApplication->processRequest()
#21 C:\xampp\htdocs\yii\NuevoRestaurant\index.php(13): CApplication->run()
#22 {main}
REQUEST_URI=/yii/NuevoRestaurant/
---
2014/11/04 17:36:48 [error] [exception.CHttpException.404] exception 'CHttpException' with message 'No es posible resolver la solicitud "css/images/ui-bg_glass_75_ffffff_1x400.png"' in C:\xampp\htdocs\yii\framework\web\CWebApplication.php:286
Stack trace:
#0 C:\xampp\htdocs\yii\framework\web\CWebApplication.php(141): CWebApplication->runController('css/images/ui-b...')
#1 C:\xampp\htdocs\yii\framework\base\CApplication.php(180): CWebApplication->processRequest()
#2 C:\xampp\htdocs\yii\NuevoRestaurant\index.php(13): CApplication->run()
#3 {main}
REQUEST_URI=/yii/NuevoRestaurant/css/images/ui-bg_glass_75_ffffff_1x400.png
HTTP_REFERER=http://localhost/yii/NuevoRestaurant/css/jquery-ui-1.10.3.custom.css
---
2014/11/04 17:39:24 [error] [exception.CHttpException.404] exception 'CHttpException' with message 'No es posible resolver la solicitud "css/images/ui-bg_glass_75_ffffff_1x400.png"' in C:\xampp\htdocs\yii\framework\web\CWebApplication.php:286
Stack trace:
#0 C:\xampp\htdocs\yii\framework\web\CWebApplication.php(141): CWebApplication->runController('css/images/ui-b...')
#1 C:\xampp\htdocs\yii\framework\base\CApplication.php(180): CWebApplication->processRequest()
#2 C:\xampp\htdocs\yii\NuevoRestaurant\index.php(13): CApplication->run()
#3 {main}
REQUEST_URI=/yii/NuevoRestaurant/css/images/ui-bg_glass_75_ffffff_1x400.png
HTTP_REFERER=http://localhost/yii/NuevoRestaurant/css/jquery-ui-1.10.3.custom.css
---
2014/11/04 17:39:37 [error] [exception.CHttpException.404] exception 'CHttpException' with message 'No es posible resolver la solicitud "css/images/ui-bg_glass_75_ffffff_1x400.png"' in C:\xampp\htdocs\yii\framework\web\CWebApplication.php:286
Stack trace:
#0 C:\xampp\htdocs\yii\framework\web\CWebApplication.php(141): CWebApplication->runController('css/images/ui-b...')
#1 C:\xampp\htdocs\yii\framework\base\CApplication.php(180): CWebApplication->processRequest()
#2 C:\xampp\htdocs\yii\NuevoRestaurant\index.php(13): CApplication->run()
#3 {main}
REQUEST_URI=/yii/NuevoRestaurant/css/images/ui-bg_glass_75_ffffff_1x400.png
HTTP_REFERER=http://localhost/yii/NuevoRestaurant/css/jquery-ui-1.10.3.custom.css
---
2014/11/04 17:39:41 [error] [exception.CHttpException.404] exception 'CHttpException' with message 'No es posible resolver la solicitud "css/images/ui-bg_glass_75_ffffff_1x400.png"' in C:\xampp\htdocs\yii\framework\web\CWebApplication.php:286
Stack trace:
#0 C:\xampp\htdocs\yii\framework\web\CWebApplication.php(141): CWebApplication->runController('css/images/ui-b...')
#1 C:\xampp\htdocs\yii\framework\base\CApplication.php(180): CWebApplication->processRequest()
#2 C:\xampp\htdocs\yii\NuevoRestaurant\index.php(13): CApplication->run()
#3 {main}
REQUEST_URI=/yii/NuevoRestaurant/css/images/ui-bg_glass_75_ffffff_1x400.png
HTTP_REFERER=http://localhost/yii/NuevoRestaurant/css/jquery-ui-1.10.3.custom.css
---
2014/11/04 17:42:31 [error] [exception.CHttpException.404] exception 'CHttpException' with message 'No es posible resolver la solicitud "css/images/ui-bg_glass_75_ffffff_1x400.png"' in C:\xampp\htdocs\yii\framework\web\CWebApplication.php:286
Stack trace:
#0 C:\xampp\htdocs\yii\framework\web\CWebApplication.php(141): CWebApplication->runController('css/images/ui-b...')
#1 C:\xampp\htdocs\yii\framework\base\CApplication.php(180): CWebApplication->processRequest()
#2 C:\xampp\htdocs\yii\NuevoRestaurant\index.php(13): CApplication->run()
#3 {main}
REQUEST_URI=/yii/NuevoRestaurant/css/images/ui-bg_glass_75_ffffff_1x400.png
HTTP_REFERER=http://localhost/yii/NuevoRestaurant/css/jquery-ui-1.10.3.custom.css
---
2014/11/04 17:45:54 [error] [exception.CHttpException.404] exception 'CHttpException' with message 'No es posible resolver la solicitud "css/images/ui-bg_glass_75_ffffff_1x400.png"' in C:\xampp\htdocs\yii\framework\web\CWebApplication.php:286
Stack trace:
#0 C:\xampp\htdocs\yii\framework\web\CWebApplication.php(141): CWebApplication->runController('css/images/ui-b...')
#1 C:\xampp\htdocs\yii\framework\base\CApplication.php(180): CWebApplication->processRequest()
#2 C:\xampp\htdocs\yii\NuevoRestaurant\index.php(13): CApplication->run()
#3 {main}
REQUEST_URI=/yii/NuevoRestaurant/css/images/ui-bg_glass_75_ffffff_1x400.png
HTTP_REFERER=http://localhost/yii/NuevoRestaurant/css/jquery-ui-1.10.3.custom.css
---
2014/11/04 17:46:01 [error] [exception.CHttpException.404] exception 'CHttpException' with message 'No es posible resolver la solicitud "css/images/ui-bg_glass_75_ffffff_1x400.png"' in C:\xampp\htdocs\yii\framework\web\CWebApplication.php:286
Stack trace:
#0 C:\xampp\htdocs\yii\framework\web\CWebApplication.php(141): CWebApplication->runController('css/images/ui-b...')
#1 C:\xampp\htdocs\yii\framework\base\CApplication.php(180): CWebApplication->processRequest()
#2 C:\xampp\htdocs\yii\NuevoRestaurant\index.php(13): CApplication->run()
#3 {main}
REQUEST_URI=/yii/NuevoRestaurant/css/images/ui-bg_glass_75_ffffff_1x400.png
HTTP_REFERER=http://localhost/yii/NuevoRestaurant/css/jquery-ui-1.10.3.custom.css
---
